<?xml version="1.0" encoding="UTF-8"?>
<testng-results ignored="0" total="3" passed="3" failed="0" skipped="0">
  <reporter-output>
  </reporter-output>
  <suite started-at="2022-06-11T13:52:10 IST" name="Suite" finished-at="2022-06-11T13:56:01 IST" duration-ms="230676">
    <groups>
    </groups>
    <test started-at="2022-06-11T13:52:10 IST" name="Test1" finished-at="2022-06-11T13:52:44 IST" duration-ms="33573">
      <class name="com.edureka.Runner.Tc_001_Register">
        <test-method is-config="true" signature="initialize()[pri:0, instance:com.edureka.Runner.Tc_001_Register@e056f20]" started-at="2022-06-11T13:52:10 IST" name="initialize" finished-at="2022-06-11T13:52:22 IST" duration-ms="11893" status="PASS">
          <reporter-output>
          </reporter-output>
        </test-method> <!-- initialize -->
        <test-method signature="Case1()[pri:0, instance:com.edureka.Runner.Tc_001_Register@e056f20]" started-at="2022-06-11T13:52:22 IST" name="Case1" finished-at="2022-06-11T13:52:44 IST" duration-ms="21516" status="PASS">
          <reporter-output>
          </reporter-output>
        </test-method> <!-- Case1 -->
        <test-method is-config="true" signature="close()[pri:0, instance:com.edureka.Runner.Tc_001_Register@e056f20]" started-at="2022-06-11T13:52:44 IST" name="close" finished-at="2022-06-11T13:52:44 IST" duration-ms="133" status="PASS">
          <reporter-output>
          </reporter-output>
        </test-method> <!-- close -->
      </class> <!-- com.edureka.Runner.Tc_001_Register -->
    </test> <!-- Test1 -->
    <test started-at="2022-06-11T13:52:44 IST" name="Test2" finished-at="2022-06-11T13:53:13 IST" duration-ms="29251">
      <class name="com.edureka.Runner.Tc_002_FlightBooking">
        <test-method is-config="true" signature="initialize()[pri:0, instance:com.edureka.Runner.Tc_002_FlightBooking@619713e5]" started-at="2022-06-11T13:52:44 IST" name="initialize" finished-at="2022-06-11T13:52:52 IST" duration-ms="8188" status="PASS">
          <reporter-output>
          </reporter-output>
        </test-method> <!-- initialize -->
        <test-method signature="Case2()[pri:0, instance:com.edureka.Runner.Tc_002_FlightBooking@619713e5]" started-at="2022-06-11T13:52:52 IST" name="Case2" finished-at="2022-06-11T13:53:13 IST" duration-ms="20891" status="PASS">
          <reporter-output>
          </reporter-output>
        </test-method> <!-- Case2 -->
        <test-method is-config="true" signature="close()[pri:0, instance:com.edureka.Runner.Tc_002_FlightBooking@619713e5]" started-at="2022-06-11T13:53:13 IST" name="close" finished-at="2022-06-11T13:53:13 IST" duration-ms="170" status="PASS">
          <reporter-output>
          </reporter-output>
        </test-method> <!-- close -->
      </class> <!-- com.edureka.Runner.Tc_002_FlightBooking -->
    </test> <!-- Test2 -->
    <test started-at="2022-06-11T13:53:13 IST" name="Test3" finished-at="2022-06-11T13:56:01 IST" duration-ms="167742">
      <class name="com.edureka.Runner.Tc_004_BrokenLinks">
        <test-method is-config="true" signature="initialize()[pri:0, instance:com.edureka.Runner.Tc_004_BrokenLinks@291ae]" started-at="2022-06-11T13:53:13 IST" name="initialize" finished-at="2022-06-11T13:53:22 IST" duration-ms="8427" status="PASS">
          <reporter-output>
          </reporter-output>
        </test-method> <!-- initialize -->
        <test-method signature="Case3()[pri:0, instance:com.edureka.Runner.Tc_004_BrokenLinks@291ae]" started-at="2022-06-11T13:53:22 IST" name="Case3" finished-at="2022-06-11T13:56:01 IST" duration-ms="159232" status="PASS">
          <reporter-output>
          </reporter-output>
        </test-method> <!-- Case3 -->
        <test-method is-config="true" signature="close()[pri:0, instance:com.edureka.Runner.Tc_004_BrokenLinks@291ae]" started-at="2022-06-11T13:56:01 IST" name="close" finished-at="2022-06-11T13:56:01 IST" duration-ms="81" status="PASS">
          <reporter-output>
          </reporter-output>
        </test-method> <!-- close -->
      </class> <!-- com.edureka.Runner.Tc_004_BrokenLinks -->
    </test> <!-- Test3 -->
  </suite> <!-- Suite -->
</testng-results>
