<?xml version="1.0" encoding="UTF-8"?>
<testsuite xmlns:xsi="http://www.w3.org/2001/XMLSchema-instance" xsi:noNamespaceSchemaLocation="https://maven.apache.org/surefire/maven-surefire-plugin/xsd/surefire-test-report-3.0.xsd" version="3.0" name="TestSuite" time="231.592" tests="3" errors="0" skipped="0" failures="0">
  <properties>
[...]
</properties>
  <testcase name="Case1" classname="com.edureka.Runner.Tc_001_Register" time="21.498">
    <system-err><![CDATA[SLF4J: Failed to load class "org.slf4j.impl.StaticLoggerBinder".
SLF4J: Defaulting to no-operation (NOP) logger implementation
SLF4J: See http://www.slf4j.org/codes.html#StaticLoggerBinder for further details.
Starting ChromeDriver 101.0.4951.41 (93c720db8323b3ec10d056025ab95c23a31997c9-refs/branch-heads/4951@{#904}) on port 51229
Only local connections are allowed.
Please see https://chromedriver.chromium.org/security-considerations for suggestions on keeping ChromeDriver safe.
ChromeDriver was started successfully.
[1654935735.930][WARNING]: This version of ChromeDriver has not been tested with Chrome version 102.
Jun 11, 2022 1:52:16 PM org.openqa.selenium.remote.ProtocolHandshake createSession
INFO: Detected upstream dialect: W3C
Jun 11, 2022 1:52:16 PM org.openqa.selenium.devtools.CdpVersionFinder findNearestMatch
INFO: Found exact CDP implementation for version 102
]]></system-err>
  </testcase>
  <testcase name="Case2" classname="com.edureka.Runner.Tc_002_FlightBooking" time="20.884">
    <system-err><![CDATA[Jun 11, 2022 1:52:44 PM org.openqa.selenium.remote.http.WebSocket$Listener onError
WARNING: Connection reset
java.net.SocketException: Connection reset
	at java.base/sun.nio.ch.SocketChannelImpl.throwConnectionReset(SocketChannelImpl.java:394)
	at java.base/sun.nio.ch.SocketChannelImpl.read(SocketChannelImpl.java:426)
	at io.netty.buffer.PooledByteBuf.setBytes(PooledByteBuf.java:258)
	at io.netty.buffer.AbstractByteBuf.writeBytes(AbstractByteBuf.java:1132)
	at io.netty.channel.socket.nio.NioSocketChannel.doReadBytes(NioSocketChannel.java:357)
	at io.netty.channel.nio.AbstractNioByteChannel$NioByteUnsafe.read(AbstractNioByteChannel.java:151)
	at io.netty.channel.nio.NioEventLoop.processSelectedKey(NioEventLoop.java:722)
	at io.netty.channel.nio.NioEventLoop.processSelectedKeysOptimized(NioEventLoop.java:658)
	at io.netty.channel.nio.NioEventLoop.processSelectedKeys(NioEventLoop.java:584)
	at io.netty.channel.nio.NioEventLoop.run(NioEventLoop.java:496)
	at io.netty.util.concurrent.SingleThreadEventExecutor$4.run(SingleThreadEventExecutor.java:995)
	at io.netty.util.internal.ThreadExecutorMap$2.run(ThreadExecutorMap.java:74)
	at io.netty.util.concurrent.FastThreadLocalRunnable.run(FastThreadLocalRunnable.java:30)
	at java.base/java.lang.Thread.run(Thread.java:831)

Starting ChromeDriver 101.0.4951.41 (93c720db8323b3ec10d056025ab95c23a31997c9-refs/branch-heads/4951@{#904}) on port 51346
Only local connections are allowed.
Please see https://chromedriver.chromium.org/security-considerations for suggestions on keeping ChromeDriver safe.
ChromeDriver was started successfully.
[1654935766.542][WARNING]: This version of ChromeDriver has not been tested with Chrome version 102.
Jun 11, 2022 1:52:46 PM org.openqa.selenium.remote.ProtocolHandshake createSession
INFO: Detected upstream dialect: W3C
Jun 11, 2022 1:52:46 PM org.openqa.selenium.devtools.CdpVersionFinder findNearestMatch
INFO: Found exact CDP implementation for version 102
]]></system-err>
  </testcase>
  <testcase name="Case3" classname="com.edureka.Runner.Tc_004_BrokenLinks" time="159.234">
    <system-out><![CDATA[53
https://demo.guru99.com/test/newtours/index.php# - is valid link
https://demo.guru99.com/test/newtours/index.php# - is valid link
https://demo.guru99.com/test/newtours/index.php# - is valid link
https://demo.guru99.com/test/flash-testing.html - is valid link
https://demo.guru99.com/test/radio.html - is valid link
https://demo.guru99.com/test/table.html - is valid link
https://demo.guru99.com/test/link.html - is valid link
https://demo.guru99.com/test/ajax.html - is valid link
https://demo.guru99.com/test/block.html - is valid link
https://demo.guru99.com/test/delete_customer.php - is valid link
https://demo.guru99.com/test/yahoo.html - is valid link
https://demo.guru99.com/test/tooltip.html - is valid link
https://demo.guru99.com/test/upload/ - is valid link
https://demo.guru99.com/test/login.html - is valid link
https://demo.guru99.com/test/social-icon.html - is valid link
https://demo.guru99.com/test/autoit.html - is valid link
https://demo.guru99.com/test/facebook.html - is valid link
https://demo.guru99.com/test/guru99home/ - is valid link
https://demo.guru99.com/test/guru99home/scrolling.html - is valid link
https://demo.guru99.com/test/image_upload/ - is valid link
https://demo.guru99.com/test/cookie/selenium_aut.php - is valid link
https://demo.guru99.com/test/drag_drop.html - is valid link
https://demo.guru99.com/test/ - is valid link
http://demo.guru99.com/insurance/v1/index.php - is valid link
http://demo.guru99.com/Agile_Project/Agi_V1/ - is valid link
http://demo.guru99.com/V1/index.php - is valid link
http://demo.guru99.com/Security/SEC_V1/index.php - is valid link
http://demo.guru99.com/telecom/index.html - is valid link
http://demo.guru99.com/payment-gateway/index.php - is valid link
http://demo.guru99.com/test/newtours/ - is valid link
https://demo.guru99.com/test/newtours/index.php# - is valid link
http://demo.guru99.com/seo/page-1.html - is valid link
http://demo.guru99.com/seo/page-2.html - is valid link
http://demo.guru99.com/seo/page-3.html - is valid link
http://demo.guru99.com/seo/page-4.html - is valid link
http://demo.guru99.com/seo/page-5.html - is valid link
http://demo.guru99.com/seo/page-6.html - is valid link
https://demo.guru99.com/test/newtours/index.php - is valid link
https://demo.guru99.com/test/newtours/reservation.php - is valid link
https://demo.guru99.com/test/newtours/support.php - is valid link
https://demo.guru99.com/test/newtours/support.php - is valid link
https://demo.guru99.com/test/newtours/index.php - is valid link
https://demo.guru99.com/test/newtours/support.php - is valid link
https://demo.guru99.com/test/newtours/support.php - is valid link
https://demo.guru99.com/test/newtours/login.php - is valid link
https://demo.guru99.com/test/newtours/register.php - is valid link
https://demo.guru99.com/test/newtours/support.php - is valid link
https://demo.guru99.com/test/newtours/support.php - is valid link
https://demo.guru99.com/test/newtours/index.php - is valid link
https://demo.guru99.com/test/newtours/index.php - is valid link
https://demo.guru99.com/test/newtours/register.php - is valid link
http://businesstravel.about.com/mbody.htm?PM=78_101_T&cob=home - is broken link
https://www.tripadvisor.in/ - is valid link
]]></system-out>
    <system-err><![CDATA[Jun 11, 2022 1:53:13 PM org.openqa.selenium.remote.http.WebSocket$Listener onError
WARNING: Connection reset
java.net.SocketException: Connection reset
	at java.base/sun.nio.ch.SocketChannelImpl.throwConnectionReset(SocketChannelImpl.java:394)
	at java.base/sun.nio.ch.SocketChannelImpl.read(SocketChannelImpl.java:426)
	at io.netty.buffer.PooledByteBuf.setBytes(PooledByteBuf.java:258)
	at io.netty.buffer.AbstractByteBuf.writeBytes(AbstractByteBuf.java:1132)
	at io.netty.channel.socket.nio.NioSocketChannel.doReadBytes(NioSocketChannel.java:357)
	at io.netty.channel.nio.AbstractNioByteChannel$NioByteUnsafe.read(AbstractNioByteChannel.java:151)
	at io.netty.channel.nio.NioEventLoop.processSelectedKey(NioEventLoop.java:722)
	at io.netty.channel.nio.NioEventLoop.processSelectedKeysOptimized(NioEventLoop.java:658)
	at io.netty.channel.nio.NioEventLoop.processSelectedKeys(NioEventLoop.java:584)
	at io.netty.channel.nio.NioEventLoop.run(NioEventLoop.java:496)
	at io.netty.util.concurrent.SingleThreadEventExecutor$4.run(SingleThreadEventExecutor.java:995)
	at io.netty.util.internal.ThreadExecutorMap$2.run(ThreadExecutorMap.java:74)
	at io.netty.util.concurrent.FastThreadLocalRunnable.run(FastThreadLocalRunnable.java:30)
	at java.base/java.lang.Thread.run(Thread.java:831)

Starting ChromeDriver 101.0.4951.41 (93c720db8323b3ec10d056025ab95c23a31997c9-refs/branch-heads/4951@{#904}) on port 64405
Only local connections are allowed.
Please see https://chromedriver.chromium.org/security-considerations for suggestions on keeping ChromeDriver safe.
ChromeDriver was started successfully.
[1654935795.691][WARNING]: This version of ChromeDriver has not been tested with Chrome version 102.
Jun 11, 2022 1:53:16 PM org.openqa.selenium.remote.ProtocolHandshake createSession
INFO: Detected upstream dialect: W3C
Jun 11, 2022 1:53:16 PM org.openqa.selenium.devtools.CdpVersionFinder findNearestMatch
INFO: Found exact CDP implementation for version 102
]]></system-err>
  </testcase>
</testsuite>