<?xml version="1.0" encoding="UTF-8"?>
<testng-results ignored="0" total="1" passed="1" failed="0" skipped="0">
  <reporter-output>
  </reporter-output>
  <suite started-at="2022-06-11T12:51:27 IST" name="Default suite" finished-at="2022-06-11T12:52:31 IST" duration-ms="64385">
    <groups>
    </groups>
    <test started-at="2022-06-11T12:51:27 IST" name="Default test" finished-at="2022-06-11T12:52:31 IST" duration-ms="64385">
      <class name="com.edureka.Runner.Tc_002_FlightBooking">
        <test-method is-config="true" signature="initialize()[pri:0, instance:com.edureka.Runner.Tc_002_FlightBooking@74e52303]" started-at="2022-06-11T12:51:27 IST" name="initialize" finished-at="2022-06-11T12:51:39 IST" duration-ms="11715" status="PASS">
          <reporter-output>
          </reporter-output>
        </test-method> <!-- initialize -->
        <test-method signature="Case2()[pri:0, instance:com.edureka.Runner.Tc_002_FlightBooking@74e52303]" started-at="2022-06-11T12:51:39 IST" name="Case2" finished-at="2022-06-11T12:52:31 IST" duration-ms="52351" status="PASS">
          <reporter-output>
          </reporter-output>
        </test-method> <!-- Case2 -->
      </class> <!-- com.edureka.Runner.Tc_002_FlightBooking -->
    </test> <!-- Default test -->
  </suite> <!-- Default suite -->
</testng-results>
